library/build/outputs/logs/manifest-merger-debug-report.txt
-- Merging decision tree log ---
manifest
ADDED from src\main\AndroidManifest.xml:1:1-91:12
INJECTED from src\main\AndroidManifest.xml:1:1-91:12
INJECTED from src\main\AndroidManifest.xml:1:1-91:12
	package
		ADDED from src\main\AndroidManifest.xml:2:5-29
		INJECTED from src\main\AndroidManifest.xml
		INJECTED from src\main\AndroidManifest.xml
	xmlns:android
		ADDED from src\main\AndroidManifest.xml:1:11-69
uses-permission#android.permission.READ_PHONE_STATE
ADDED from src\main\AndroidManifest.xml:4:5-75
	android:name
		ADDED from src\main\AndroidManifest.xml:4:22-72
uses-permission#android.permission.INTERNET
ADDED from src\main\AndroidManifest.xml:5:5-67
	android:name
		ADDED from src\main\AndroidManifest.xml:5:22-64
uses-permission#android.permission.ACCESS_NETWORK_STATE
ADDED from src\main\AndroidManifest.xml:6:5-79
	android:name
		ADDED from src\main\AndroidManifest.xml:6:22-76
uses-permission#android.permission.ACCESS_WIFI_STATE
ADDED from src\main\AndroidManifest.xml:7:5-76
	android:name
		ADDED from src\main\AndroidManifest.xml:7:22-73
uses-permission#android.permission.READ_LOGS
ADDED from src\main\AndroidManifest.xml:8:5-68
	android:name
		ADDED from src\main\AndroidManifest.xml:8:22-65
uses-permission#android.permission.WRITE_EXTERNAL_STORAGE
ADDED from src\main\AndroidManifest.xml:10:5-81
	android:name
		ADDED from src\main\AndroidManifest.xml:10:22-78
uses-permission#android.permission.READ_EXTERNAL_STORAGE
ADDED from src\main\AndroidManifest.xml:11:5-80
	android:name
		ADDED from src\main\AndroidManifest.xml:11:22-77
uses-permission#android.permission.CAMERA
ADDED from src\main\AndroidManifest.xml:12:5-65
	android:name
		ADDED from src\main\AndroidManifest.xml:12:22-62
uses-permission#android.permission.VIBRATE
ADDED from src\main\AndroidManifest.xml:13:5-66
	android:name
		ADDED from src\main\AndroidManifest.xml:13:22-63
uses-permission#android.permission.FLASHLIGHT
ADDED from src\main\AndroidManifest.xml:14:5-69
	android:name
		ADDED from src\main\AndroidManifest.xml:14:22-66
uses-feature#android.hardware.camera.autofocus
ADDED from src\main\AndroidManifest.xml:15:5-17:36
	android:required
		ADDED from src\main\AndroidManifest.xml:17:9-33
	android:name
		ADDED from src\main\AndroidManifest.xml:16:9-57
uses-feature#android.hardware.camera.flash
ADDED from src\main\AndroidManifest.xml:18:5-20:36
	android:required
		ADDED from src\main\AndroidManifest.xml:20:9-33
	android:name
		ADDED from src\main\AndroidManifest.xml:19:9-53
application
ADDED from src\main\AndroidManifest.xml:21:5-89:19
	android:supportsRtl
		ADDED from src\main\AndroidManifest.xml:23:9-35
	android:label
		ADDED from src\main\AndroidManifest.xml:22:9-41
activity#cn.app.library.base.ContainerFragmentActivity
ADDED from src\main\AndroidManifest.xml:25:9-82
	android:name
		ADDED from src\main\AndroidManifest.xml:25:19-79
activity#cn.app.library.ui.bigimg.BigImageActivity
ADDED from src\main\AndroidManifest.xml:26:9-29:72
	android:screenOrientation
		ADDED from src\main\AndroidManifest.xml:28:13-49
	android:theme
		ADDED from src\main\AndroidManifest.xml:29:13-69
	android:name
		ADDED from src\main\AndroidManifest.xml:27:13-69
provider#cn.app.library.picture.lib.PictureFileProvider
ADDED from src\main\AndroidManifest.xml:31:9-39:20
	android:grantUriPermissions
		ADDED from src\main\AndroidManifest.xml:35:13-47
	android:authorities
		ADDED from src\main\AndroidManifest.xml:33:13-60
	android:exported
		ADDED from src\main\AndroidManifest.xml:34:13-37
	android:name
		ADDED from src\main\AndroidManifest.xml:32:13-74
meta-data#android.support.FILE_PROVIDER_PATHS
ADDED from src\main\AndroidManifest.xml:36:13-38:54
	android:resource
		ADDED from src\main\AndroidManifest.xml:38:17-51
	android:name
		ADDED from src\main\AndroidManifest.xml:37:17-67
activity#cn.app.library.picture.lib.PictureSelectorActivity
ADDED from src\main\AndroidManifest.xml:41:9-45:55
	android:screenOrientation
		ADDED from src\main\AndroidManifest.xml:43:13-49
	android:windowSoftInputMode
		ADDED from src\main\AndroidManifest.xml:45:13-52
	android:theme
		ADDED from src\main\AndroidManifest.xml:44:13-50
	android:name
		ADDED from src\main\AndroidManifest.xml:42:13-78
activity#cn.app.library.picture.lib.PictureBaseActivity
ADDED from src\main\AndroidManifest.xml:46:9-48:52
	android:screenOrientation
		ADDED from src\main\AndroidManifest.xml:48:13-49
	android:name
		ADDED from src\main\AndroidManifest.xml:47:13-74
activity#cn.app.library.picture.lib.PicturePreviewActivity
ADDED from src\main\AndroidManifest.xml:49:9-51:52
	android:screenOrientation
		ADDED from src\main\AndroidManifest.xml:51:13-49
	android:name
		ADDED from src\main\AndroidManifest.xml:50:13-77
activity#cn.app.library.picture.lib.PictureVideoPlayActivity
ADDED from src\main\AndroidManifest.xml:52:9-55:50
	android:screenOrientation
		ADDED from src\main\AndroidManifest.xml:55:13-47
	android:configChanges
		ADDED from src\main\AndroidManifest.xml:54:13-74
	android:name
		ADDED from src\main\AndroidManifest.xml:53:13-79
activity#cn.app.library.picture.lib.PictureExternalPreviewActivity
ADDED from src\main\AndroidManifest.xml:56:9-58:52
	android:screenOrientation
		ADDED from src\main\AndroidManifest.xml:58:13-49
	android:name
		ADDED from src\main\AndroidManifest.xml:57:13-85
activity#cn.app.library.picture.ucrop.UCropActivity
ADDED from src\main\AndroidManifest.xml:59:9-62:72
	android:screenOrientation
		ADDED from src\main\AndroidManifest.xml:61:13-49
	android:theme
		ADDED from src\main\AndroidManifest.xml:62:13-69
	android:name
		ADDED from src\main\AndroidManifest.xml:60:13-70
activity#cn.app.library.picture.ucrop.PictureMultiCuttingActivity
ADDED from src\main\AndroidManifest.xml:63:9-66:72
	android:screenOrientation
		ADDED from src\main\AndroidManifest.xml:65:13-49
	android:theme
		ADDED from src\main\AndroidManifest.xml:66:13-69
	android:name
		ADDED from src\main\AndroidManifest.xml:64:13-84
activity#cn.app.library.picture.lib.PicturePlayAudioActivity
ADDED from src\main\AndroidManifest.xml:67:9-70:72
	android:screenOrientation
		ADDED from src\main\AndroidManifest.xml:69:13-49
	android:theme
		ADDED from src\main\AndroidManifest.xml:70:13-69
	android:name
		ADDED from src\main\AndroidManifest.xml:68:13-79
activity#cn.app.library.dialog.picker.activity.PickImageActivity
ADDED from src\main\AndroidManifest.xml:73:9-76:72
	android:screenOrientation
		ADDED from src\main\AndroidManifest.xml:75:13-49
	android:theme
		ADDED from src\main\AndroidManifest.xml:76:13-69
	android:name
		ADDED from src\main\AndroidManifest.xml:74:13-83
activity#cn.app.library.dialog.picker.activity.CropImageActivity
ADDED from src\main\AndroidManifest.xml:77:9-80:72
	android:screenOrientation
		ADDED from src\main\AndroidManifest.xml:79:13-49
	android:theme
		ADDED from src\main\AndroidManifest.xml:80:13-69
	android:name
		ADDED from src\main\AndroidManifest.xml:78:13-83
activity#cn.app.library.dialog.picker.activity.PickerAlbumActivity
ADDED from src\main\AndroidManifest.xml:81:9-84:72
	android:screenOrientation
		ADDED from src\main\AndroidManifest.xml:83:13-49
	android:theme
		ADDED from src\main\AndroidManifest.xml:84:13-69
	android:name
		ADDED from src\main\AndroidManifest.xml:82:13-85
activity#cn.app.library.dialog.picker.activity.PickerAlbumPreviewActivity
ADDED from src\main\AndroidManifest.xml:85:9-88:72
	android:screenOrientation
		ADDED from src\main\AndroidManifest.xml:87:13-49
	android:theme
		ADDED from src\main\AndroidManifest.xml:88:13-69
	android:name
		ADDED from src\main\AndroidManifest.xml:86:13-92
uses-sdk
INJECTED from src\main\AndroidManifest.xml reason: use-sdk injection requested
INJECTED from src\main\AndroidManifest.xml
INJECTED from src\main\AndroidManifest.xml
INJECTED from src\main\AndroidManifest.xml
INJECTED from src\main\AndroidManifest.xml
	android:targetSdkVersion
		INJECTED from src\main\AndroidManifest.xml
		ADDED from src\main\AndroidManifest.xml
		INJECTED from src\main\AndroidManifest.xml
	android:minSdkVersion
		INJECTED from src\main\AndroidManifest.xml
		ADDED from src\main\AndroidManifest.xml
		INJECTED from src\main\AndroidManifest.xml